<?xml version="1.0" encoding="UTF-8"?>
<!-- Generated by org.testng.reporters.JUnitXMLReporter -->
<testsuite ignored="0" hostname="DESKTOP-K5FN7OQ" failures="1" tests="4" name="Day1" time="0.069" errors="0" timestamp="2023-05-09T17:00:04 BDT">
  <testcase classname="myTestSuite.Day1" name="GroupTest" time="0.015">
    <failure type="java.lang.AssertionError" message="expected [true] but found [false]">
      <![CDATA[java.lang.AssertionError: expected [true] but found [false]
at myTestSuite.Day1.GroupTest(Day1.java:30)
at java.base/java.util.ArrayList.forEach(ArrayList.java:1511)
at java.base/java.util.concurrent.FutureTask.run(FutureTask.java:264)
at java.base/java.util.concurrent.ThreadPoolExecutor.runWorker(ThreadPoolExecutor.java:1136)
at java.base/java.util.concurrent.ThreadPoolExecutor$Worker.run(ThreadPoolExecutor.java:635)
at java.base/java.lang.Thread.run(Thread.java:833)
... Removed 21 stack frames]]>
    </failure>
  </testcase> <!-- GroupTest -->
  <testcase classname="myTestSuite.Day1" name="Test1" time="0.002"/>
  <testcase classname="myTestSuite.Day1" name="Test1" time="0.001"/>
  <testcase classname="myTestSuite.Day1" name="Test1" time="0.001"/>
</testsuite> <!-- Day1 -->
